<?xml version="1.0" encoding="UTF-8"?>
<!-- Generated by org.testng.reporters.JUnitReportReporter -->
<testsuite hostname="DESKTOP-CEN98NP" failures="0" tests="1" name="testCases.TC001_AccountRegistrationTest" time="3.797" errors="0" timestamp="2025-07-15T16:59:38 IST" skipped="0">
  <testcase classname="testCases.TC001_AccountRegistrationTest" name="verify_account_registration" time="3.797"/>
</testsuite> <!-- testCases.TC001_AccountRegistrationTest -->
